<?xml version="1.0" encoding="UTF-8"?>
<!-- Generated by org.testng.reporters.JUnitXMLReporter -->
<testsuite hostname="PCW1713853L" ignored="0" name="Default test" tests="3" failures="2" timestamp="2021-05-14T17:01:22 PDT" time="6.02" errors="0">
  <testcase name="schemaDigitalReceiptsID" time="4.439" classname="core.testDigitalReceiptsIDParam"/>
  <testcase name="schemaDigitalReceiptsID" time="0.706" classname="core.testDigitalReceiptsIDParam">
    <failure type="java.lang.AssertionError" message="1 expectation failed.
Response body doesn&amp;apos;t match expectation.
Expected: The content to match the given JSON schema.
error: object has missing required properties ([&amp;quot;cashBack&amp;quot;])
    level: &amp;quot;error&amp;quot;
    schema: {&amp;quot;loadingURI&amp;quot;:&amp;quot;file:/Users/atilo02/Workspace/scgo-api-automation/target/test-classes/receipts/schema_id.json#&amp;quot;,&amp;quot;pointer&amp;quot;:&amp;quot;/properties/receipts/items/0/properties/tenders/items/0&amp;quot;}
    instance: {&amp;quot;pointer&amp;quot;:&amp;quot;/receipts/0/tenders/0&amp;quot;}
    domain: &amp;quot;validation&amp;quot;
    keyword: &amp;quot;required&amp;quot;
    required: [&amp;quot;amount&amp;quot;,&amp;quot;authorizationCode&amp;quot;,&amp;quot;authorizationDate&amp;quot;,&amp;quot;authorizationTime&amp;quot;,&amp;quot;cardNumber&amp;quot;,&amp;quot;cardType&amp;quot;,&amp;quot;cashBack&amp;quot;,&amp;quot;creditDebit&amp;quot;,&amp;quot;referenceNumber&amp;quot;,&amp;quot;type&amp;quot;,&amp;quot;typeCode&amp;quot;]
    missing: [&amp;quot;cashBack&amp;quot;]

  Actual: {&amp;quot;receipts&amp;quot;:[{&amp;quot;address&amp;quot;:{&amp;quot;line1&amp;quot;:&amp;quot;1156 MAPLE AVE&amp;quot;,&amp;quot;line2&amp;quot;:&amp;quot;N/A&amp;quot;,&amp;quot;city&amp;quot;:&amp;quot;LISLE&amp;quot;,&amp;quot;state&amp;quot;:&amp;quot;IL&amp;quot;,&amp;quot;zipcode&amp;quot;:&amp;quot;60532&amp;quot;,&amp;quot;country&amp;quot;:&amp;quot;USA&amp;quot;},&amp;quot;loyalty&amp;quot;:{&amp;quot;id&amp;quot;:&amp;quot;49155222862&amp;quot;,&amp;quot;discountTotal&amp;quot;:&amp;quot;0.00&amp;quot;,&amp;quot;pointsAwarded&amp;quot;:11,&amp;quot;programId&amp;quot;:&amp;quot;HHID&amp;quot;,&amp;quot;accountId&amp;quot;:&amp;quot;123456789012&amp;quot;,&amp;quot;lookupId&amp;quot;:&amp;quot;000000046002000000&amp;quot;},&amp;quot;tax&amp;quot;:{&amp;quot;taxableAmount&amp;quot;:&amp;quot;10.98&amp;quot;,&amp;quot;amount&amp;quot;:&amp;quot;0.49&amp;quot;,&amp;quot;percent&amp;quot;:&amp;quot;4.46&amp;quot;},&amp;quot;_id&amp;quot;:&amp;quot;60330d641bc0256e38736743&amp;quot;,&amp;quot;posDateTime&amp;quot;:&amp;quot;2021-02-05T12:00:00.000Z&amp;quot;,&amp;quot;dateString&amp;quot;:&amp;quot;Feb 5, 2021&amp;quot;,&amp;quot;timeString&amp;quot;:&amp;quot;12:00 PM&amp;quot;,&amp;quot;storeId&amp;quot;:&amp;quot;0056&amp;quot;,&amp;quot;workStationId&amp;quot;:&amp;quot;0051&amp;quot;,&amp;quot;sequenceNumber&amp;quot;:&amp;quot;42&amp;quot;,&amp;quot;operatorId&amp;quot;:&amp;quot;8851&amp;quot;,&amp;quot;transactionCount&amp;quot;:1,&amp;quot;regularPriceTotal&amp;quot;:&amp;quot;11.98&amp;quot;,&amp;quot;discountTotal&amp;quot;:&amp;quot;1.00&amp;quot;,&amp;quot;reducedPriceTotal&amp;quot;:&amp;quot;10.98&amp;quot;,&amp;quot;returnsTotal&amp;quot;:&amp;quot;0.00&amp;quot;,&amp;quot;source&amp;quot;:&amp;quot;INSTORE&amp;quot;,&amp;quot;items&amp;quot;:[{&amp;quot;lineItemType&amp;quot;:&amp;quot;Sale&amp;quot;,&amp;quot;id&amp;quot;:&amp;quot;2100002650&amp;quot;,&amp;quot;quantity&amp;quot;:1,&amp;quot;weightItem&amp;quot;:false,&amp;quot;regularPrice&amp;quot;:&amp;quot;4.99&amp;quot;,&amp;quot;discount&amp;quot;:&amp;quot;1.00&amp;quot;,&amp;quot;reducedPrice&amp;quot;:&amp;quot;3.99&amp;quot;,&amp;quot;regularPriceTotal&amp;quot;:&amp;quot;4.99&amp;quot;,&amp;quot;discountTotal&amp;quot;:&amp;quot;1.00&amp;quot;,&amp;quot;reducedPriceTotal&amp;quot;:&amp;quot;3.99&amp;quot;,&amp;quot;department&amp;quot;:&amp;quot;GROCERY&amp;quot;,&amp;quot;name&amp;quot;:&amp;quot;KRAFT MIRACLE WHIP LIGHT&amp;quot;,&amp;quot;isFuel&amp;quot;:false},{&amp;quot;lineItemType&amp;quot;:&amp;quot;Sale&amp;quot;,&amp;quot;id&amp;quot;:&amp;quot;2113015572&amp;quot;,&amp;quot;quantity&amp;quot;:1,&amp;quot;weightItem&amp;quot;:false,&amp;quot;regularPrice&amp;quot;:&amp;quot;6.99&amp;quot;,&amp;quot;discount&amp;quot;:&amp;quot;0.00&amp;quot;,&amp;quot;reducedPrice&amp;quot;:&amp;quot;6.99&amp;quot;,&amp;quot;regularPriceTotal&amp;quot;:&amp;quot;6.99&amp;quot;,&amp;quot;discountTotal&amp;quot;:&amp;quot;0.00&amp;quot;,&amp;quot;reducedPriceTotal&amp;quot;:&amp;quot;6.99&amp;quot;,&amp;quot;department&amp;quot;:&amp;quot;FOOD SERVICE&amp;quot;,&amp;quot;name&amp;quot;:&amp;quot;SIGNATURE CAFE 8 CT GRILLED CHICKEN BAGGED&amp;quot;,&amp;quot;isFuel&amp;quot;:false}],&amp;quot;itemCount&amp;quot;:2,&amp;quot;tenders&amp;quot;:[{&amp;quot;type&amp;quot;:&amp;quot;SNAP&amp;quot;,&amp;quot;typeCode&amp;quot;:&amp;quot;Sale&amp;quot;,&amp;quot;amount&amp;quot;:&amp;quot;3.99&amp;quot;,&amp;quot;cardType&amp;quot;:&amp;quot;SNAP (Discover)&amp;quot;,&amp;quot;creditDebit&amp;quot;:&amp;quot;Debit&amp;quot;,&amp;quot;cardNumber&amp;quot;:&amp;quot;************2502&amp;quot;,&amp;quot;authorizationCode&amp;quot;:&amp;quot;00065176&amp;quot;,&amp;quot;referenceNumber&amp;quot;:&amp;quot;850012125020&amp;quot;,&amp;quot;authorizationDate&amp;quot;:&amp;quot;Feb 5, 2021&amp;quot;,&amp;quot;authorizationTime&amp;quot;:&amp;quot;12:00 PM&amp;quot;},{&amp;quot;type&amp;quot;:&amp;quot;Credit/Debit&amp;quot;,&amp;quot;typeCode&amp;quot;:&amp;quot;Sale&amp;quot;,&amp;quot;amount&amp;quot;:&amp;quot;7.48&amp;quot;,&amp;quot;cardType&amp;quot;:&amp;quot;Visa&amp;quot;,&amp;quot;creditDebit&amp;quot;:&amp;quot;Credit&amp;quot;,&amp;quot;cardNumber&amp;quot;:&amp;quot;************5372&amp;quot;,&amp;quot;authorizationCode&amp;quot;:&amp;quot;00031614&amp;quot;,&amp;quot;referenceNumber&amp;quot;:&amp;quot;860034453720&amp;quot;,&amp;quot;authorizationDate&amp;quot;:&amp;quot;Feb 5, 2021&amp;quot;,&amp;quot;authorizationTime&amp;quot;:&amp;quot;12:00 PM&amp;quot;}],&amp;quot;basketDiscounts&amp;quot;:[],&amp;quot;phone&amp;quot;:&amp;quot;6309645166&amp;quot;,&amp;quot;storeName&amp;quot;:&amp;quot;Jewel-Osco&amp;quot;,&amp;quot;banner&amp;quot;:&amp;quot;jewelosco&amp;quot;,&amp;quot;transactionId&amp;quot;:&amp;quot;0000560510004221020412001247&amp;quot;,&amp;quot;finalTotal&amp;quot;:&amp;quot;11.47&amp;quot;,&amp;quot;savedAt&amp;quot;:&amp;quot;2021-02-22T00:33:28.705Z&amp;quot;,&amp;quot;id&amp;quot;:&amp;quot;60330d641bc0256e38736743&amp;quot;,&amp;quot;generalSupportText&amp;quot;:&amp;quot;LET US HEAR FROM YOU! 1-877-723-3929&amp;quot;,&amp;quot;generalSupportContact&amp;quot;:&amp;quot;1-877-723-3929&amp;quot;,&amp;quot;paymentSupportText&amp;quot;:&amp;quot;FOR QUESTIONS ABOUT YOUR PAYMENT CALL PAYMENT SERVICES AT 1-866-392-9517&amp;quot;,&amp;quot;paymentSupportContact&amp;quot;:&amp;quot;1-866-392-9517&amp;quot;}]}
">
      <![CDATA[java.lang.AssertionError: 1 expectation failed.
Response body doesn't match expectation.
Expected: The content to match the given JSON schema.
error: object has missing required properties (["cashBack"])
    level: "error"
    schema: {"loadingURI":"file:/Users/atilo02/Workspace/scgo-api-automation/target/test-classes/receipts/schema_id.json#","pointer":"/properties/receipts/items/0/properties/tenders/items/0"}
    instance: {"pointer":"/receipts/0/tenders/0"}
    domain: "validation"
    keyword: "required"
    required: ["amount","authorizationCode","authorizationDate","authorizationTime","cardNumber","cardType","cashBack","creditDebit","referenceNumber","type","typeCode"]
    missing: ["cashBack"]

  Actual: {"receipts":[{"address":{"line1":"1156 MAPLE AVE","line2":"N/A","city":"LISLE","state":"IL","zipcode":"60532","country":"USA"},"loyalty":{"id":"49155222862","discountTotal":"0.00","pointsAwarded":11,"programId":"HHID","accountId":"123456789012","lookupId":"000000046002000000"},"tax":{"taxableAmount":"10.98","amount":"0.49","percent":"4.46"},"_id":"60330d641bc0256e38736743","posDateTime":"2021-02-05T12:00:00.000Z","dateString":"Feb 5, 2021","timeString":"12:00 PM","storeId":"0056","workStationId":"0051","sequenceNumber":"42","operatorId":"8851","transactionCount":1,"regularPriceTotal":"11.98","discountTotal":"1.00","reducedPriceTotal":"10.98","returnsTotal":"0.00","source":"INSTORE","items":[{"lineItemType":"Sale","id":"2100002650","quantity":1,"weightItem":false,"regularPrice":"4.99","discount":"1.00","reducedPrice":"3.99","regularPriceTotal":"4.99","discountTotal":"1.00","reducedPriceTotal":"3.99","department":"GROCERY","name":"KRAFT MIRACLE WHIP LIGHT","isFuel":false},{"lineItemType":"Sale","id":"2113015572","quantity":1,"weightItem":false,"regularPrice":"6.99","discount":"0.00","reducedPrice":"6.99","regularPriceTotal":"6.99","discountTotal":"0.00","reducedPriceTotal":"6.99","department":"FOOD SERVICE","name":"SIGNATURE CAFE 8 CT GRILLED CHICKEN BAGGED","isFuel":false}],"itemCount":2,"tenders":[{"type":"SNAP","typeCode":"Sale","amount":"3.99","cardType":"SNAP (Discover)","creditDebit":"Debit","cardNumber":"************2502","authorizationCode":"00065176","referenceNumber":"850012125020","authorizationDate":"Feb 5, 2021","authorizationTime":"12:00 PM"},{"type":"Credit/Debit","typeCode":"Sale","amount":"7.48","cardType":"Visa","creditDebit":"Credit","cardNumber":"************5372","authorizationCode":"00031614","referenceNumber":"860034453720","authorizationDate":"Feb 5, 2021","authorizationTime":"12:00 PM"}],"basketDiscounts":[],"phone":"6309645166","storeName":"Jewel-Osco","banner":"jewelosco","transactionId":"0000560510004221020412001247","finalTotal":"11.47","savedAt":"2021-02-22T00:33:28.705Z","id":"60330d641bc0256e38736743","generalSupportText":"LET US HEAR FROM YOU! 1-877-723-3929","generalSupportContact":"1-877-723-3929","paymentSupportText":"FOR QUESTIONS ABOUT YOUR PAYMENT CALL PAYMENT SERVICES AT 1-866-392-9517","paymentSupportContact":"1-866-392-9517"}]}

at sun.reflect.NativeConstructorAccessorImpl.newInstance0(Native Method)
at sun.reflect.NativeConstructorAccessorImpl.newInstance(NativeConstructorAccessorImpl.java:62)
at sun.reflect.DelegatingConstructorAccessorImpl.newInstance(DelegatingConstructorAccessorImpl.java:45)
at java.lang.reflect.Constructor.newInstance(Constructor.java:423)
at org.codehaus.groovy.reflection.CachedConstructor.invoke(CachedConstructor.java:80)
at org.codehaus.groovy.reflection.CachedConstructor.doConstructorInvoke(CachedConstructor.java:74)
at org.codehaus.groovy.runtime.callsite.ConstructorSite$ConstructorSiteNoUnwrap.callConstructor(ConstructorSite.java:84)
at org.codehaus.groovy.runtime.callsite.CallSiteArray.defaultCallConstructor(CallSiteArray.java:59)
at org.codehaus.groovy.runtime.callsite.AbstractCallSite.callConstructor(AbstractCallSite.java:237)
at org.codehaus.groovy.runtime.callsite.AbstractCallSite.callConstructor(AbstractCallSite.java:249)
at io.restassured.internal.ResponseSpecificationImpl$HamcrestAssertionClosure.validate(ResponseSpecificationImpl.groovy:493)
at io.restassured.internal.ResponseSpecificationImpl$HamcrestAssertionClosure$validate$1.call(Unknown Source)
at io.restassured.internal.ResponseSpecificationImpl.validateResponseIfRequired(ResponseSpecificationImpl.groovy:674)
at sun.reflect.NativeMethodAccessorImpl.invoke0(Native Method)
at sun.reflect.NativeMethodAccessorImpl.invoke(NativeMethodAccessorImpl.java:62)
at sun.reflect.DelegatingMethodAccessorImpl.invoke(DelegatingMethodAccessorImpl.java:43)
at java.lang.reflect.Method.invoke(Method.java:498)
at org.codehaus.groovy.runtime.callsite.PlainObjectMetaMethodSite.doInvoke(PlainObjectMetaMethodSite.java:43)
at org.codehaus.groovy.runtime.callsite.PogoMetaMethodSite$PogoCachedMethodSiteNoUnwrapNoCoerce.invoke(PogoMetaMethodSite.java:190)
at org.codehaus.groovy.runtime.callsite.PogoMetaMethodSite.callCurrent(PogoMetaMethodSite.java:58)
at org.codehaus.groovy.runtime.callsite.AbstractCallSite.callCurrent(AbstractCallSite.java:168)
at io.restassured.internal.ResponseSpecificationImpl.body(ResponseSpecificationImpl.groovy:98)
at io.restassured.internal.ValidatableResponseOptionsImpl.body(ValidatableResponseOptionsImpl.java:238)
at io.restassured.internal.ValidatableResponseImpl.super$2$body(ValidatableResponseImpl.groovy)
at sun.reflect.NativeMethodAccessorImpl.invoke0(Native Method)
at sun.reflect.NativeMethodAccessorImpl.invoke(NativeMethodAccessorImpl.java:62)
at sun.reflect.DelegatingMethodAccessorImpl.invoke(DelegatingMethodAccessorImpl.java:43)
at java.lang.reflect.Method.invoke(Method.java:498)
at org.codehaus.groovy.reflection.CachedMethod.invoke(CachedMethod.java:101)
at groovy.lang.MetaMethod.doMethodInvoke(MetaMethod.java:323)
at groovy.lang.MetaClassImpl.invokeMethod(MetaClassImpl.java:1217)
at org.codehaus.groovy.runtime.ScriptBytecodeAdapter.invokeMethodOnSuperN(ScriptBytecodeAdapter.java:144)
at io.restassured.internal.ValidatableResponseImpl.body(ValidatableResponseImpl.groovy:293)
at io.restassured.internal.ValidatableResponseImpl.body(ValidatableResponseImpl.groovy)
at core.testDigitalReceiptsIDParam.schemaDigitalReceiptsID(testDigitalReceiptsIDParam.java:101)
at sun.reflect.NativeMethodAccessorImpl.invoke0(Native Method)
at sun.reflect.NativeMethodAccessorImpl.invoke(NativeMethodAccessorImpl.java:62)
at sun.reflect.DelegatingMethodAccessorImpl.invoke(DelegatingMethodAccessorImpl.java:43)
at java.lang.reflect.Method.invoke(Method.java:498)
at org.testng.internal.MethodInvocationHelper.invokeMethod(MethodInvocationHelper.java:132)
at org.testng.internal.TestInvoker.invokeMethod(TestInvoker.java:599)
at org.testng.internal.TestInvoker.invokeTestMethod(TestInvoker.java:174)
at org.testng.internal.MethodRunner.runInSequence(MethodRunner.java:46)
at org.testng.internal.TestInvoker$MethodInvocationAgent.invoke(TestInvoker.java:822)
at org.testng.internal.TestInvoker.invokeTestMethods(TestInvoker.java:147)
at org.testng.internal.TestMethodWorker.invokeTestMethods(TestMethodWorker.java:146)
at org.testng.internal.TestMethodWorker.run(TestMethodWorker.java:128)
at java.util.ArrayList.forEach(ArrayList.java:1259)
at org.testng.TestRunner.privateRun(TestRunner.java:764)
at org.testng.TestRunner.run(TestRunner.java:585)
at org.testng.SuiteRunner.runTest(SuiteRunner.java:384)
at org.testng.SuiteRunner.runSequentially(SuiteRunner.java:378)
at org.testng.SuiteRunner.privateRun(SuiteRunner.java:337)
at org.testng.SuiteRunner.run(SuiteRunner.java:286)
at org.testng.SuiteRunnerWorker.runSuite(SuiteRunnerWorker.java:53)
at org.testng.SuiteRunnerWorker.run(SuiteRunnerWorker.java:96)
at org.testng.TestNG.runSuitesSequentially(TestNG.java:1218)
at org.testng.TestNG.runSuitesLocally(TestNG.java:1140)
at org.testng.TestNG.runSuites(TestNG.java:1069)
at org.testng.TestNG.run(TestNG.java:1037)
at org.testng.remote.AbstractRemoteTestNG.run(AbstractRemoteTestNG.java:115)
at org.testng.remote.RemoteTestNG.initAndRun(RemoteTestNG.java:251)
at org.testng.remote.RemoteTestNG.main(RemoteTestNG.java:77)
]]>
    </failure>
  </testcase> <!-- schemaDigitalReceiptsID -->
  <testcase name="schemaDigitalReceiptsID" time="0.69" classname="core.testDigitalReceiptsIDParam">
    <failure type="java.lang.AssertionError" message="1 expectation failed.
Response body doesn&amp;apos;t match expectation.
Expected: The content to match the given JSON schema.
error: object has missing required properties ([&amp;quot;authorizationCode&amp;quot;,&amp;quot;authorizationDate&amp;quot;,&amp;quot;authorizationTime&amp;quot;,&amp;quot;cardNumber&amp;quot;,&amp;quot;cardType&amp;quot;,&amp;quot;creditDebit&amp;quot;,&amp;quot;referenceNumber&amp;quot;])
    level: &amp;quot;error&amp;quot;
    schema: {&amp;quot;loadingURI&amp;quot;:&amp;quot;file:/Users/atilo02/Workspace/scgo-api-automation/target/test-classes/receipts/schema_id.json#&amp;quot;,&amp;quot;pointer&amp;quot;:&amp;quot;/properties/receipts/items/0/properties/tenders/items/0&amp;quot;}
    instance: {&amp;quot;pointer&amp;quot;:&amp;quot;/receipts/0/tenders/0&amp;quot;}
    domain: &amp;quot;validation&amp;quot;
    keyword: &amp;quot;required&amp;quot;
    required: [&amp;quot;amount&amp;quot;,&amp;quot;authorizationCode&amp;quot;,&amp;quot;authorizationDate&amp;quot;,&amp;quot;authorizationTime&amp;quot;,&amp;quot;cardNumber&amp;quot;,&amp;quot;cardType&amp;quot;,&amp;quot;cashBack&amp;quot;,&amp;quot;creditDebit&amp;quot;,&amp;quot;referenceNumber&amp;quot;,&amp;quot;type&amp;quot;,&amp;quot;typeCode&amp;quot;]
    missing: [&amp;quot;authorizationCode&amp;quot;,&amp;quot;authorizationDate&amp;quot;,&amp;quot;authorizationTime&amp;quot;,&amp;quot;cardNumber&amp;quot;,&amp;quot;cardType&amp;quot;,&amp;quot;creditDebit&amp;quot;,&amp;quot;referenceNumber&amp;quot;]

  Actual: {&amp;quot;receipts&amp;quot;:[{&amp;quot;address&amp;quot;:{&amp;quot;line1&amp;quot;:&amp;quot;299 S VAN DORN&amp;quot;,&amp;quot;line2&amp;quot;:&amp;quot;N/A&amp;quot;,&amp;quot;city&amp;quot;:&amp;quot;ALEXANDRIA&amp;quot;,&amp;quot;state&amp;quot;:&amp;quot;VA&amp;quot;,&amp;quot;zipcode&amp;quot;:&amp;quot;22304&amp;quot;,&amp;quot;country&amp;quot;:&amp;quot;USA&amp;quot;},&amp;quot;loyalty&amp;quot;:{&amp;quot;id&amp;quot;:&amp;quot;49155222862&amp;quot;,&amp;quot;discountTotal&amp;quot;:&amp;quot;3.45&amp;quot;,&amp;quot;pointsAwarded&amp;quot;:26,&amp;quot;programId&amp;quot;:&amp;quot;HHID&amp;quot;,&amp;quot;accountId&amp;quot;:&amp;quot;350022754707&amp;quot;,&amp;quot;lookupId&amp;quot;:&amp;quot;000000043007036146&amp;quot;},&amp;quot;tax&amp;quot;:{&amp;quot;taxableAmount&amp;quot;:&amp;quot;31.66&amp;quot;,&amp;quot;amount&amp;quot;:&amp;quot;0.82&amp;quot;,&amp;quot;percent&amp;quot;:&amp;quot;2.59&amp;quot;},&amp;quot;_id&amp;quot;:&amp;quot;60330cb31bc0256e38736742&amp;quot;,&amp;quot;posDateTime&amp;quot;:&amp;quot;2021-02-04T12:59:00.000Z&amp;quot;,&amp;quot;dateString&amp;quot;:&amp;quot;Feb 4, 2021&amp;quot;,&amp;quot;timeString&amp;quot;:&amp;quot;12:59 PM&amp;quot;,&amp;quot;storeId&amp;quot;:&amp;quot;1428&amp;quot;,&amp;quot;workStationId&amp;quot;:&amp;quot;0002&amp;quot;,&amp;quot;sequenceNumber&amp;quot;:&amp;quot;30&amp;quot;,&amp;quot;operatorId&amp;quot;:&amp;quot;71353184&amp;quot;,&amp;quot;transactionCount&amp;quot;:1,&amp;quot;regularPriceTotal&amp;quot;:&amp;quot;32.11&amp;quot;,&amp;quot;discountTotal&amp;quot;:&amp;quot;3.45&amp;quot;,&amp;quot;reducedPriceTotal&amp;quot;:&amp;quot;28.66&amp;quot;,&amp;quot;returnsTotal&amp;quot;:&amp;quot;0.00&amp;quot;,&amp;quot;source&amp;quot;:&amp;quot;INSTORE&amp;quot;,&amp;quot;items&amp;quot;:[{&amp;quot;lineItemType&amp;quot;:&amp;quot;Sale&amp;quot;,&amp;quot;id&amp;quot;:&amp;quot;78616200498&amp;quot;,&amp;quot;quantity&amp;quot;:1,&amp;quot;weightItem&amp;quot;:false,&amp;quot;regularPrice&amp;quot;:&amp;quot;1.99&amp;quot;,&amp;quot;discount&amp;quot;:&amp;quot;0.74&amp;quot;,&amp;quot;reducedPrice&amp;quot;:&amp;quot;1.25&amp;quot;,&amp;quot;regularPriceTotal&amp;quot;:&amp;quot;1.99&amp;quot;,&amp;quot;discountTotal&amp;quot;:&amp;quot;0.74&amp;quot;,&amp;quot;reducedPriceTotal&amp;quot;:&amp;quot;1.25&amp;quot;,&amp;quot;department&amp;quot;:&amp;quot;GROCERY&amp;quot;,&amp;quot;name&amp;quot;:&amp;quot;VITAMINWATER ZERO SHINE&amp;quot;,&amp;quot;isFuel&amp;quot;:false},{&amp;quot;lineItemType&amp;quot;:&amp;quot;Sale&amp;quot;,&amp;quot;id&amp;quot;:&amp;quot;78616200297&amp;quot;,&amp;quot;quantity&amp;quot;:2,&amp;quot;weightItem&amp;quot;:false,&amp;quot;regularPrice&amp;quot;:&amp;quot;1.99&amp;quot;,&amp;quot;discount&amp;quot;:&amp;quot;0.74&amp;quot;,&amp;quot;reducedPrice&amp;quot;:&amp;quot;1.25&amp;quot;,&amp;quot;regularPriceTotal&amp;quot;:&amp;quot;3.98&amp;quot;,&amp;quot;discountTotal&amp;quot;:&amp;quot;1.48&amp;quot;,&amp;quot;reducedPriceTotal&amp;quot;:&amp;quot;2.50&amp;quot;,&amp;quot;department&amp;quot;:&amp;quot;GROCERY&amp;quot;,&amp;quot;name&amp;quot;:&amp;quot;VITAMINWATER ZERO SQUEEZED LEMONADE&amp;quot;,&amp;quot;isFuel&amp;quot;:false},{&amp;quot;lineItemType&amp;quot;:&amp;quot;Sale&amp;quot;,&amp;quot;id&amp;quot;:&amp;quot;78616200296&amp;quot;,&amp;quot;quantity&amp;quot;:1,&amp;quot;weightItem&amp;quot;:false,&amp;quot;regularPrice&amp;quot;:&amp;quot;1.99&amp;quot;,&amp;quot;discount&amp;quot;:&amp;quot;0.74&amp;quot;,&amp;quot;reducedPrice&amp;quot;:&amp;quot;1.25&amp;quot;,&amp;quot;regularPriceTotal&amp;quot;:&amp;quot;1.99&amp;quot;,&amp;quot;discountTotal&amp;quot;:&amp;quot;0.74&amp;quot;,&amp;quot;reducedPriceTotal&amp;quot;:&amp;quot;1.25&amp;quot;,&amp;quot;department&amp;quot;:&amp;quot;GROCERY&amp;quot;,&amp;quot;name&amp;quot;:&amp;quot;VITAMINWATER ZERO XXX&amp;quot;,&amp;quot;isFuel&amp;quot;:false},{&amp;quot;lineItemType&amp;quot;:&amp;quot;Sale&amp;quot;,&amp;quot;id&amp;quot;:&amp;quot;85314900812&amp;quot;,&amp;quot;quantity&amp;quot;:1,&amp;quot;weightItem&amp;quot;:false,&amp;quot;regularPrice&amp;quot;:&amp;quot;6.99&amp;quot;,&amp;quot;discount&amp;quot;:&amp;quot;0.00&amp;quot;,&amp;quot;reducedPrice&amp;quot;:&amp;quot;6.99&amp;quot;,&amp;quot;regularPriceTotal&amp;quot;:&amp;quot;6.99&amp;quot;,&amp;quot;discountTotal&amp;quot;:&amp;quot;0.00&amp;quot;,&amp;quot;reducedPriceTotal&amp;quot;:&amp;quot;6.99&amp;quot;,&amp;quot;department&amp;quot;:&amp;quot;FROZEN GROCERY&amp;quot;,&amp;quot;name&amp;quot;:&amp;quot;REBEL ICE CREAM COOKIES N CREAM&amp;quot;,&amp;quot;isFuel&amp;quot;:false},{&amp;quot;lineItemType&amp;quot;:&amp;quot;Sale&amp;quot;,&amp;quot;id&amp;quot;:&amp;quot;85210933171&amp;quot;,&amp;quot;quantity&amp;quot;:1,&amp;quot;weightItem&amp;quot;:false,&amp;quot;regularPrice&amp;quot;:&amp;quot;5.69&amp;quot;,&amp;quot;discount&amp;quot;:&amp;quot;0.00&amp;quot;,&amp;quot;reducedPrice&amp;quot;:&amp;quot;5.69&amp;quot;,&amp;quot;regularPriceTotal&amp;quot;:&amp;quot;5.69&amp;quot;,&amp;quot;discountTotal&amp;quot;:&amp;quot;0.00&amp;quot;,&amp;quot;reducedPriceTotal&amp;quot;:&amp;quot;5.69&amp;quot;,&amp;quot;department&amp;quot;:&amp;quot;FROZEN GROCERY&amp;quot;,&amp;quot;name&amp;quot;:&amp;quot;ENLIGHTENED KETO COLLECTION BUTTER PECAN ICE CREAM&amp;quot;,&amp;quot;isFuel&amp;quot;:false},{&amp;quot;lineItemType&amp;quot;:&amp;quot;Sale&amp;quot;,&amp;quot;id&amp;quot;:&amp;quot;7231004247&amp;quot;,&amp;quot;quantity&amp;quot;:2,&amp;quot;weightItem&amp;quot;:false,&amp;quot;regularPrice&amp;quot;:&amp;quot;3.99&amp;quot;,&amp;quot;discount&amp;quot;:&amp;quot;0.00&amp;quot;,&amp;quot;reducedPrice&amp;quot;:&amp;quot;3.99&amp;quot;,&amp;quot;regularPriceTotal&amp;quot;:&amp;quot;7.98&amp;quot;,&amp;quot;discountTotal&amp;quot;:&amp;quot;0.00&amp;quot;,&amp;quot;reducedPriceTotal&amp;quot;:&amp;quot;7.98&amp;quot;,&amp;quot;department&amp;quot;:&amp;quot;GROCERY&amp;quot;,&amp;quot;name&amp;quot;:&amp;quot;BIGELOW DECAFFEINATED GREEN TEA&amp;quot;,&amp;quot;isFuel&amp;quot;:false},{&amp;quot;lineItemType&amp;quot;:&amp;quot;Sale&amp;quot;,&amp;quot;id&amp;quot;:&amp;quot;7289000119&amp;quot;,&amp;quot;quantity&amp;quot;:1,&amp;quot;weightItem&amp;quot;:false,&amp;quot;regularPrice&amp;quot;:&amp;quot;3.49&amp;quot;,&amp;quot;discount&amp;quot;:&amp;quot;0.49&amp;quot;,&amp;quot;reducedPrice&amp;quot;:&amp;quot;3.00&amp;quot;,&amp;quot;regularPriceTotal&amp;quot;:&amp;quot;3.49&amp;quot;,&amp;quot;discountTotal&amp;quot;:&amp;quot;0.49&amp;quot;,&amp;quot;reducedPriceTotal&amp;quot;:&amp;quot;3.00&amp;quot;,&amp;quot;department&amp;quot;:&amp;quot;LIQUOR&amp;quot;,&amp;quot;name&amp;quot;:&amp;quot;HEINEKEN LAGER BEER KEG CAN&amp;quot;,&amp;quot;isFuel&amp;quot;:false}],&amp;quot;itemCount&amp;quot;:9,&amp;quot;tenders&amp;quot;:[{&amp;quot;type&amp;quot;:&amp;quot;Check&amp;quot;,&amp;quot;typeCode&amp;quot;:&amp;quot;Sale&amp;quot;,&amp;quot;amount&amp;quot;:&amp;quot;49.48&amp;quot;,&amp;quot;cashBack&amp;quot;:&amp;quot;20.00&amp;quot;}],&amp;quot;basketDiscounts&amp;quot;:[],&amp;quot;phone&amp;quot;:&amp;quot;7037514827&amp;quot;,&amp;quot;storeName&amp;quot;:&amp;quot;Safeway&amp;quot;,&amp;quot;banner&amp;quot;:&amp;quot;safeway&amp;quot;,&amp;quot;transactionId&amp;quot;:&amp;quot;0014280020003021020412593293&amp;quot;,&amp;quot;finalTotal&amp;quot;:&amp;quot;49.48&amp;quot;,&amp;quot;savedAt&amp;quot;:&amp;quot;2021-02-22T00:11:18.809Z&amp;quot;,&amp;quot;id&amp;quot;:&amp;quot;60330cb31bc0256e38736742&amp;quot;,&amp;quot;generalSupportText&amp;quot;:&amp;quot;LET US HEAR FROM YOU! 1-877-723-3929&amp;quot;,&amp;quot;generalSupportContact&amp;quot;:&amp;quot;1-877-723-3929&amp;quot;,&amp;quot;paymentSupportText&amp;quot;:&amp;quot;FOR QUESTIONS ABOUT YOUR PAYMENT CALL PAYMENT SERVICES AT 1-866-392-9517&amp;quot;,&amp;quot;paymentSupportContact&amp;quot;:&amp;quot;1-866-392-9517&amp;quot;}]}
">
      <![CDATA[java.lang.AssertionError: 1 expectation failed.
Response body doesn't match expectation.
Expected: The content to match the given JSON schema.
error: object has missing required properties (["authorizationCode","authorizationDate","authorizationTime","cardNumber","cardType","creditDebit","referenceNumber"])
    level: "error"
    schema: {"loadingURI":"file:/Users/atilo02/Workspace/scgo-api-automation/target/test-classes/receipts/schema_id.json#","pointer":"/properties/receipts/items/0/properties/tenders/items/0"}
    instance: {"pointer":"/receipts/0/tenders/0"}
    domain: "validation"
    keyword: "required"
    required: ["amount","authorizationCode","authorizationDate","authorizationTime","cardNumber","cardType","cashBack","creditDebit","referenceNumber","type","typeCode"]
    missing: ["authorizationCode","authorizationDate","authorizationTime","cardNumber","cardType","creditDebit","referenceNumber"]

  Actual: {"receipts":[{"address":{"line1":"299 S VAN DORN","line2":"N/A","city":"ALEXANDRIA","state":"VA","zipcode":"22304","country":"USA"},"loyalty":{"id":"49155222862","discountTotal":"3.45","pointsAwarded":26,"programId":"HHID","accountId":"350022754707","lookupId":"000000043007036146"},"tax":{"taxableAmount":"31.66","amount":"0.82","percent":"2.59"},"_id":"60330cb31bc0256e38736742","posDateTime":"2021-02-04T12:59:00.000Z","dateString":"Feb 4, 2021","timeString":"12:59 PM","storeId":"1428","workStationId":"0002","sequenceNumber":"30","operatorId":"71353184","transactionCount":1,"regularPriceTotal":"32.11","discountTotal":"3.45","reducedPriceTotal":"28.66","returnsTotal":"0.00","source":"INSTORE","items":[{"lineItemType":"Sale","id":"78616200498","quantity":1,"weightItem":false,"regularPrice":"1.99","discount":"0.74","reducedPrice":"1.25","regularPriceTotal":"1.99","discountTotal":"0.74","reducedPriceTotal":"1.25","department":"GROCERY","name":"VITAMINWATER ZERO SHINE","isFuel":false},{"lineItemType":"Sale","id":"78616200297","quantity":2,"weightItem":false,"regularPrice":"1.99","discount":"0.74","reducedPrice":"1.25","regularPriceTotal":"3.98","discountTotal":"1.48","reducedPriceTotal":"2.50","department":"GROCERY","name":"VITAMINWATER ZERO SQUEEZED LEMONADE","isFuel":false},{"lineItemType":"Sale","id":"78616200296","quantity":1,"weightItem":false,"regularPrice":"1.99","discount":"0.74","reducedPrice":"1.25","regularPriceTotal":"1.99","discountTotal":"0.74","reducedPriceTotal":"1.25","department":"GROCERY","name":"VITAMINWATER ZERO XXX","isFuel":false},{"lineItemType":"Sale","id":"85314900812","quantity":1,"weightItem":false,"regularPrice":"6.99","discount":"0.00","reducedPrice":"6.99","regularPriceTotal":"6.99","discountTotal":"0.00","reducedPriceTotal":"6.99","department":"FROZEN GROCERY","name":"REBEL ICE CREAM COOKIES N CREAM","isFuel":false},{"lineItemType":"Sale","id":"85210933171","quantity":1,"weightItem":false,"regularPrice":"5.69","discount":"0.00","reducedPrice":"5.69","regularPriceTotal":"5.69","discountTotal":"0.00","reducedPriceTotal":"5.69","department":"FROZEN GROCERY","name":"ENLIGHTENED KETO COLLECTION BUTTER PECAN ICE CREAM","isFuel":false},{"lineItemType":"Sale","id":"7231004247","quantity":2,"weightItem":false,"regularPrice":"3.99","discount":"0.00","reducedPrice":"3.99","regularPriceTotal":"7.98","discountTotal":"0.00","reducedPriceTotal":"7.98","department":"GROCERY","name":"BIGELOW DECAFFEINATED GREEN TEA","isFuel":false},{"lineItemType":"Sale","id":"7289000119","quantity":1,"weightItem":false,"regularPrice":"3.49","discount":"0.49","reducedPrice":"3.00","regularPriceTotal":"3.49","discountTotal":"0.49","reducedPriceTotal":"3.00","department":"LIQUOR","name":"HEINEKEN LAGER BEER KEG CAN","isFuel":false}],"itemCount":9,"tenders":[{"type":"Check","typeCode":"Sale","amount":"49.48","cashBack":"20.00"}],"basketDiscounts":[],"phone":"7037514827","storeName":"Safeway","banner":"safeway","transactionId":"0014280020003021020412593293","finalTotal":"49.48","savedAt":"2021-02-22T00:11:18.809Z","id":"60330cb31bc0256e38736742","generalSupportText":"LET US HEAR FROM YOU! 1-877-723-3929","generalSupportContact":"1-877-723-3929","paymentSupportText":"FOR QUESTIONS ABOUT YOUR PAYMENT CALL PAYMENT SERVICES AT 1-866-392-9517","paymentSupportContact":"1-866-392-9517"}]}

at sun.reflect.NativeConstructorAccessorImpl.newInstance0(Native Method)
at sun.reflect.NativeConstructorAccessorImpl.newInstance(NativeConstructorAccessorImpl.java:62)
at sun.reflect.DelegatingConstructorAccessorImpl.newInstance(DelegatingConstructorAccessorImpl.java:45)
at java.lang.reflect.Constructor.newInstance(Constructor.java:423)
at org.codehaus.groovy.reflection.CachedConstructor.invoke(CachedConstructor.java:80)
at org.codehaus.groovy.reflection.CachedConstructor.doConstructorInvoke(CachedConstructor.java:74)
at org.codehaus.groovy.runtime.callsite.ConstructorSite$ConstructorSiteNoUnwrap.callConstructor(ConstructorSite.java:84)
at org.codehaus.groovy.runtime.callsite.AbstractCallSite.callConstructor(AbstractCallSite.java:249)
at io.restassured.internal.ResponseSpecificationImpl$HamcrestAssertionClosure.validate(ResponseSpecificationImpl.groovy:493)
at io.restassured.internal.ResponseSpecificationImpl$HamcrestAssertionClosure$validate$1.call(Unknown Source)
at io.restassured.internal.ResponseSpecificationImpl.validateResponseIfRequired(ResponseSpecificationImpl.groovy:674)
at sun.reflect.GeneratedMethodAccessor38.invoke(Unknown Source)
at sun.reflect.DelegatingMethodAccessorImpl.invoke(DelegatingMethodAccessorImpl.java:43)
at java.lang.reflect.Method.invoke(Method.java:498)
at org.codehaus.groovy.runtime.callsite.PlainObjectMetaMethodSite.doInvoke(PlainObjectMetaMethodSite.java:43)
at org.codehaus.groovy.runtime.callsite.PogoMetaMethodSite$PogoCachedMethodSiteNoUnwrapNoCoerce.invoke(PogoMetaMethodSite.java:190)
at org.codehaus.groovy.runtime.callsite.PogoMetaMethodSite.callCurrent(PogoMetaMethodSite.java:58)
at org.codehaus.groovy.runtime.callsite.AbstractCallSite.callCurrent(AbstractCallSite.java:168)
at io.restassured.internal.ResponseSpecificationImpl.body(ResponseSpecificationImpl.groovy:98)
at io.restassured.internal.ValidatableResponseOptionsImpl.body(ValidatableResponseOptionsImpl.java:238)
at io.restassured.internal.ValidatableResponseImpl.super$2$body(ValidatableResponseImpl.groovy)
at sun.reflect.NativeMethodAccessorImpl.invoke0(Native Method)
at sun.reflect.NativeMethodAccessorImpl.invoke(NativeMethodAccessorImpl.java:62)
at sun.reflect.DelegatingMethodAccessorImpl.invoke(DelegatingMethodAccessorImpl.java:43)
at java.lang.reflect.Method.invoke(Method.java:498)
at org.codehaus.groovy.reflection.CachedMethod.invoke(CachedMethod.java:101)
at groovy.lang.MetaMethod.doMethodInvoke(MetaMethod.java:323)
at groovy.lang.MetaClassImpl.invokeMethod(MetaClassImpl.java:1217)
at org.codehaus.groovy.runtime.ScriptBytecodeAdapter.invokeMethodOnSuperN(ScriptBytecodeAdapter.java:144)
at io.restassured.internal.ValidatableResponseImpl.body(ValidatableResponseImpl.groovy:293)
at io.restassured.internal.ValidatableResponseImpl.body(ValidatableResponseImpl.groovy)
at core.testDigitalReceiptsIDParam.schemaDigitalReceiptsID(testDigitalReceiptsIDParam.java:101)
at sun.reflect.NativeMethodAccessorImpl.invoke0(Native Method)
at sun.reflect.NativeMethodAccessorImpl.invoke(NativeMethodAccessorImpl.java:62)
at sun.reflect.DelegatingMethodAccessorImpl.invoke(DelegatingMethodAccessorImpl.java:43)
at java.lang.reflect.Method.invoke(Method.java:498)
at org.testng.internal.MethodInvocationHelper.invokeMethod(MethodInvocationHelper.java:132)
at org.testng.internal.TestInvoker.invokeMethod(TestInvoker.java:599)
at org.testng.internal.TestInvoker.invokeTestMethod(TestInvoker.java:174)
at org.testng.internal.MethodRunner.runInSequence(MethodRunner.java:46)
at org.testng.internal.TestInvoker$MethodInvocationAgent.invoke(TestInvoker.java:822)
at org.testng.internal.TestInvoker.invokeTestMethods(TestInvoker.java:147)
at org.testng.internal.TestMethodWorker.invokeTestMethods(TestMethodWorker.java:146)
at org.testng.internal.TestMethodWorker.run(TestMethodWorker.java:128)
at java.util.ArrayList.forEach(ArrayList.java:1259)
at org.testng.TestRunner.privateRun(TestRunner.java:764)
at org.testng.TestRunner.run(TestRunner.java:585)
at org.testng.SuiteRunner.runTest(SuiteRunner.java:384)
at org.testng.SuiteRunner.runSequentially(SuiteRunner.java:378)
at org.testng.SuiteRunner.privateRun(SuiteRunner.java:337)
at org.testng.SuiteRunner.run(SuiteRunner.java:286)
at org.testng.SuiteRunnerWorker.runSuite(SuiteRunnerWorker.java:53)
at org.testng.SuiteRunnerWorker.run(SuiteRunnerWorker.java:96)
at org.testng.TestNG.runSuitesSequentially(TestNG.java:1218)
at org.testng.TestNG.runSuitesLocally(TestNG.java:1140)
at org.testng.TestNG.runSuites(TestNG.java:1069)
at org.testng.TestNG.run(TestNG.java:1037)
at org.testng.remote.AbstractRemoteTestNG.run(AbstractRemoteTestNG.java:115)
at org.testng.remote.RemoteTestNG.initAndRun(RemoteTestNG.java:251)
at org.testng.remote.RemoteTestNG.main(RemoteTestNG.java:77)
]]>
    </failure>
  </testcase> <!-- schemaDigitalReceiptsID -->
</testsuite> <!-- Default test -->
